<?xml version="1.0" encoding="UTF-8"?>
<testng-results ignored="0" total="1" passed="1" failed="0" skipped="0">
  <reporter-output>
  </reporter-output>
  <suite started-at="2022-03-21T12:53:59 IST" name="Default suite" finished-at="2022-03-21T12:54:10 IST" duration-ms="10790">
    <groups>
    </groups>
    <test started-at="2022-03-21T12:53:59 IST" name="Default test" finished-at="2022-03-21T12:54:10 IST" duration-ms="10790">
      <class name="com.neo.bank.testcases.TestCase">
        <test-method is-config="true" signature="set()[pri:0, instance:com.neo.bank.testcases.TestCase@4dbb42b7]" started-at="2022-03-21T12:53:59 IST" name="set" finished-at="2022-03-21T12:54:04 IST" duration-ms="5223" status="PASS">
          <reporter-output>
          </reporter-output>
        </test-method> <!-- set -->
        <test-method signature="test()[pri:0, instance:com.neo.bank.testcases.TestCase@4dbb42b7]" started-at="2022-03-21T12:54:04 IST" name="test" finished-at="2022-03-21T12:54:09 IST" duration-ms="5172" status="PASS">
          <reporter-output>
          </reporter-output>
        </test-method> <!-- test -->
        <test-method is-config="true" signature="tearDown()[pri:0, instance:com.neo.bank.testcases.TestCase@4dbb42b7]" started-at="2022-03-21T12:54:09 IST" name="tearDown" finished-at="2022-03-21T12:54:10 IST" duration-ms="314" status="PASS">
          <reporter-output>
          </reporter-output>
        </test-method> <!-- tearDown -->
      </class> <!-- com.neo.bank.testcases.TestCase -->
    </test> <!-- Default test -->
  </suite> <!-- Default suite -->
</testng-results>
