<?xml version="1.0" encoding="UTF-8"?>
<testng-results ignored="0" total="1" passed="1" failed="0" skipped="0">
  <reporter-output>
  </reporter-output>
  <suite started-at="2022-03-18T17:43:37 IST" name="Default suite" finished-at="2022-03-18T17:43:47 IST" duration-ms="10059">
    <groups>
    </groups>
    <test started-at="2022-03-18T17:43:37 IST" name="Default test" finished-at="2022-03-18T17:43:47 IST" duration-ms="10059">
      <class name="com.neo.bank.testcases.TestCase">
        <test-method is-config="true" signature="setup()[pri:0, instance:com.neo.bank.testcases.TestCase@4dbb42b7]" started-at="2022-03-18T17:43:37 IST" name="setup" finished-at="2022-03-18T17:43:41 IST" duration-ms="3538" status="PASS">
          <reporter-output>
          </reporter-output>
        </test-method> <!-- setup -->
        <test-method signature="Test()[pri:0, instance:com.neo.bank.testcases.TestCase@4dbb42b7]" started-at="2022-03-18T17:43:41 IST" name="Test" finished-at="2022-03-18T17:43:47 IST" duration-ms="6120" status="PASS">
          <reporter-output>
          </reporter-output>
        </test-method> <!-- Test -->
        <test-method is-config="true" signature="tearDown()[pri:0, instance:com.neo.bank.testcases.TestCase@4dbb42b7]" started-at="2022-03-18T17:43:47 IST" name="tearDown" finished-at="2022-03-18T17:43:47 IST" duration-ms="343" status="PASS">
          <reporter-output>
          </reporter-output>
        </test-method> <!-- tearDown -->
      </class> <!-- com.neo.bank.testcases.TestCase -->
    </test> <!-- Default test -->
  </suite> <!-- Default suite -->
</testng-results>
