<?xml version="1.0" encoding="UTF-8"?>
<testng-results ignored="0" total="1" passed="1" failed="0" skipped="0">
  <reporter-output>
  </reporter-output>
  <suite started-at="2022-03-20T13:07:15 IST" name="Default suite" finished-at="2022-03-20T13:07:25 IST" duration-ms="9884">
    <groups>
    </groups>
    <test started-at="2022-03-20T13:07:15 IST" name="Default test" finished-at="2022-03-20T13:07:25 IST" duration-ms="9884">
      <class name="com.neo.bank.testclass.TestCase">
        <test-method is-config="true" signature="Setup()[pri:0, instance:com.neo.bank.testclass.TestCase@32502377]" started-at="2022-03-20T13:07:15 IST" name="Setup" finished-at="2022-03-20T13:07:19 IST" duration-ms="3311" status="PASS">
          <reporter-output>
          </reporter-output>
        </test-method> <!-- Setup -->
        <test-method signature="test()[pri:0, instance:com.neo.bank.testclass.TestCase@32502377]" started-at="2022-03-20T13:07:19 IST" name="test" finished-at="2022-03-20T13:07:25 IST" duration-ms="6089" status="PASS">
          <reporter-output>
          </reporter-output>
        </test-method> <!-- test -->
        <test-method is-config="true" signature="tearDown()[pri:0, instance:com.neo.bank.testclass.TestCase@32502377]" started-at="2022-03-20T13:07:25 IST" name="tearDown" finished-at="2022-03-20T13:07:25 IST" duration-ms="420" status="PASS">
          <reporter-output>
          </reporter-output>
        </test-method> <!-- tearDown -->
      </class> <!-- com.neo.bank.testclass.TestCase -->
    </test> <!-- Default test -->
  </suite> <!-- Default suite -->
</testng-results>
