<?xml version="1.0" encoding="UTF-8"?>
<testng-results ignored="0" total="1" passed="1" failed="0" skipped="0">
  <reporter-output>
  </reporter-output>
  <suite started-at="2022-03-18T12:44:12 IST" name="Default suite" finished-at="2022-03-18T12:44:21 IST" duration-ms="8967">
    <groups>
    </groups>
    <test started-at="2022-03-18T12:44:12 IST" name="Default test" finished-at="2022-03-18T12:44:21 IST" duration-ms="8967">
      <class name="com.neo.banking.testclass.TestCase">
        <test-method is-config="true" signature="Setup()[pri:0, instance:com.neo.banking.testclass.TestCase@4dbb42b7]" started-at="2022-03-18T12:44:12 IST" name="Setup" finished-at="2022-03-18T12:44:15 IST" duration-ms="2992" status="PASS">
          <reporter-output>
          </reporter-output>
        </test-method> <!-- Setup -->
        <test-method signature="test()[pri:0, instance:com.neo.banking.testclass.TestCase@4dbb42b7]" started-at="2022-03-18T12:44:15 IST" name="test" finished-at="2022-03-18T12:44:20 IST" duration-ms="5595" status="PASS">
          <reporter-output>
          </reporter-output>
        </test-method> <!-- test -->
        <test-method is-config="true" signature="tearDown()[pri:0, instance:com.neo.banking.testclass.TestCase@4dbb42b7]" started-at="2022-03-18T12:44:20 IST" name="tearDown" finished-at="2022-03-18T12:44:21 IST" duration-ms="324" status="PASS">
          <reporter-output>
          </reporter-output>
        </test-method> <!-- tearDown -->
      </class> <!-- com.neo.banking.testclass.TestCase -->
    </test> <!-- Default test -->
  </suite> <!-- Default suite -->
</testng-results>
