<?xml version="1.0" encoding="UTF-8"?>
<testng-results ignored="0" total="1" passed="1" failed="0" skipped="0">
  <reporter-output>
  </reporter-output>
  <suite started-at="2022-03-29T13:30:54 IST" name="Default suite" finished-at="2022-03-29T13:31:05 IST" duration-ms="10595">
    <groups>
    </groups>
    <test started-at="2022-03-29T13:30:54 IST" name="Default test" finished-at="2022-03-29T13:31:05 IST" duration-ms="10595">
      <class name="com.neo.TestCase.TestCase">
        <test-method is-config="true" signature="setup()[pri:0, instance:com.neo.TestCase.TestCase@66f57048]" started-at="2022-03-29T13:30:54 IST" name="setup" finished-at="2022-03-29T13:30:57 IST" duration-ms="3360" status="PASS">
          <reporter-output>
          </reporter-output>
        </test-method> <!-- setup -->
        <test-method signature="test()[pri:0, instance:com.neo.TestCase.TestCase@66f57048]" started-at="2022-03-29T13:30:57 IST" name="test" finished-at="2022-03-29T13:31:04 IST" duration-ms="6675" status="PASS">
          <reporter-output>
          </reporter-output>
        </test-method> <!-- test -->
        <test-method is-config="true" signature="teardown()[pri:0, instance:com.neo.TestCase.TestCase@66f57048]" started-at="2022-03-29T13:31:04 IST" name="teardown" finished-at="2022-03-29T13:31:05 IST" duration-ms="512" status="PASS">
          <reporter-output>
          </reporter-output>
        </test-method> <!-- teardown -->
      </class> <!-- com.neo.TestCase.TestCase -->
    </test> <!-- Default test -->
  </suite> <!-- Default suite -->
</testng-results>
